<?xml version="1.0" encoding="UTF-8"?>
<!-- Generated by org.testng.reporters.JUnitReportReporter -->
<testsuite hostname="DESKTOP-K7JDLFU" failures="0" tests="3" name="BTES_HRMTest.LoginTest" time="5.777" errors="0" timestamp="2021-04-18T07:30:19 IST" skipped="0">
  <testcase classname="BTES_HRMTest.LoginTest" name="Login_User" time="5.612"/>
  <system-out/>
  <testcase classname="BTES_HRMTest.LoginTest" name="Check_Title" time="0.028"/>
  <system-out/>
  <testcase classname="BTES_HRMTest.LoginTest" name="complogo" time="0.137"/>
  <system-out/>
</testsuite> <!-- BTES_HRMTest.LoginTest -->
